Analysis & Synthesis report for ext_top
Wed Feb  8 18:43:36 2023
Quartus Prime Version 22.1std.0 Build 915 10/25/2022 SC Lite Edition


---------------------
; Table of Contents ;
---------------------
  1. Legal Notice
  2. Analysis & Synthesis Summary
  3. Analysis & Synthesis Settings
  4. Parallel Compilation
  5. Analysis & Synthesis Messages



----------------
; Legal Notice ;
----------------
Copyright (C) 2022  Intel Corporation. All rights reserved.
Your use of Intel Corporation's design tools, logic functions 
and other software and tools, and any partner logic 
functions, and any output files from any of the foregoing 
(including device programming or simulation files), and any 
associated documentation or information are expressly subject 
to the terms and conditions of the Intel Program License 
Subscription Agreement, the Intel Quartus Prime License Agreement,
the Intel FPGA IP License Agreement, or other applicable license
agreement, including, without limitation, that your use is for
the sole purpose of programming logic devices manufactured by
Intel and sold by Intel or its authorized distributors.  Please
refer to the applicable agreement for further details, at
https://fpgasoftware.intel.com/eula.



+-------------------------------------------------------------------------------------+
; Analysis & Synthesis Summary                                                        ;
+------------------------------------+------------------------------------------------+
; Analysis & Synthesis Status        ; Failed - Wed Feb  8 18:43:36 2023              ;
; Quartus Prime Version              ; 22.1std.0 Build 915 10/25/2022 SC Lite Edition ;
; Revision Name                      ; ext_top                                        ;
; Top-level Entity Name              ; ext_top                                        ;
; Family                             ; MAX 10                                         ;
; Total logic elements               ; N/A until Partition Merge                      ;
;     Total combinational functions  ; N/A until Partition Merge                      ;
;     Dedicated logic registers      ; N/A until Partition Merge                      ;
; Total registers                    ; N/A until Partition Merge                      ;
; Total pins                         ; N/A until Partition Merge                      ;
; Total virtual pins                 ; N/A until Partition Merge                      ;
; Total memory bits                  ; N/A until Partition Merge                      ;
; Embedded Multiplier 9-bit elements ; N/A until Partition Merge                      ;
; Total PLLs                         ; N/A until Partition Merge                      ;
; UFM blocks                         ; N/A until Partition Merge                      ;
; ADC blocks                         ; N/A until Partition Merge                      ;
+------------------------------------+------------------------------------------------+


+------------------------------------------------------------------------------------------------------------+
; Analysis & Synthesis Settings                                                                              ;
+------------------------------------------------------------------+--------------------+--------------------+
; Option                                                           ; Setting            ; Default Value      ;
+------------------------------------------------------------------+--------------------+--------------------+
; Device                                                           ; 10M50DAF484C7G     ;                    ;
; Top-level entity name                                            ; ext_top            ; ext_top            ;
; Family name                                                      ; MAX 10             ; Cyclone V          ;
; Use smart compilation                                            ; Off                ; Off                ;
; Enable parallel Assembler and Timing Analyzer during compilation ; On                 ; On                 ;
; Enable compact report table                                      ; Off                ; Off                ;
; Restructure Multiplexers                                         ; Auto               ; Auto               ;
; Create Debugging Nodes for IP Cores                              ; Off                ; Off                ;
; Preserve fewer node names                                        ; On                 ; On                 ;
; Intel FPGA IP Evaluation Mode                                    ; Enable             ; Enable             ;
; Verilog Version                                                  ; Verilog_2001       ; Verilog_2001       ;
; VHDL Version                                                     ; VHDL_1993          ; VHDL_1993          ;
; State Machine Processing                                         ; Auto               ; Auto               ;
; Safe State Machine                                               ; Off                ; Off                ;
; Extract Verilog State Machines                                   ; On                 ; On                 ;
; Extract VHDL State Machines                                      ; On                 ; On                 ;
; Ignore Verilog initial constructs                                ; Off                ; Off                ;
; Iteration limit for constant Verilog loops                       ; 5000               ; 5000               ;
; Iteration limit for non-constant Verilog loops                   ; 250                ; 250                ;
; Add Pass-Through Logic to Inferred RAMs                          ; On                 ; On                 ;
; Infer RAMs from Raw Logic                                        ; On                 ; On                 ;
; Parallel Synthesis                                               ; On                 ; On                 ;
; DSP Block Balancing                                              ; Auto               ; Auto               ;
; NOT Gate Push-Back                                               ; On                 ; On                 ;
; Power-Up Don't Care                                              ; On                 ; On                 ;
; Remove Redundant Logic Cells                                     ; Off                ; Off                ;
; Remove Duplicate Registers                                       ; On                 ; On                 ;
; Ignore CARRY Buffers                                             ; Off                ; Off                ;
; Ignore CASCADE Buffers                                           ; Off                ; Off                ;
; Ignore GLOBAL Buffers                                            ; Off                ; Off                ;
; Ignore ROW GLOBAL Buffers                                        ; Off                ; Off                ;
; Ignore LCELL Buffers                                             ; Off                ; Off                ;
; Ignore SOFT Buffers                                              ; On                 ; On                 ;
; Limit AHDL Integers to 32 Bits                                   ; Off                ; Off                ;
; Optimization Technique                                           ; Balanced           ; Balanced           ;
; Carry Chain Length                                               ; 70                 ; 70                 ;
; Auto Carry Chains                                                ; On                 ; On                 ;
; Auto Open-Drain Pins                                             ; On                 ; On                 ;
; Perform WYSIWYG Primitive Resynthesis                            ; Off                ; Off                ;
; Auto ROM Replacement                                             ; On                 ; On                 ;
; Auto RAM Replacement                                             ; On                 ; On                 ;
; Auto DSP Block Replacement                                       ; On                 ; On                 ;
; Auto Shift Register Replacement                                  ; Auto               ; Auto               ;
; Allow Shift Register Merging across Hierarchies                  ; Auto               ; Auto               ;
; Auto Clock Enable Replacement                                    ; On                 ; On                 ;
; Strict RAM Replacement                                           ; Off                ; Off                ;
; Allow Synchronous Control Signals                                ; On                 ; On                 ;
; Force Use of Synchronous Clear Signals                           ; Off                ; Off                ;
; Auto RAM Block Balancing                                         ; On                 ; On                 ;
; Auto RAM to Logic Cell Conversion                                ; Off                ; Off                ;
; Auto Resource Sharing                                            ; Off                ; Off                ;
; Allow Any RAM Size For Recognition                               ; Off                ; Off                ;
; Allow Any ROM Size For Recognition                               ; Off                ; Off                ;
; Allow Any Shift Register Size For Recognition                    ; Off                ; Off                ;
; Use LogicLock Constraints during Resource Balancing              ; On                 ; On                 ;
; Ignore translate_off and synthesis_off directives                ; Off                ; Off                ;
; Timing-Driven Synthesis                                          ; On                 ; On                 ;
; Report Parameter Settings                                        ; On                 ; On                 ;
; Report Source Assignments                                        ; On                 ; On                 ;
; Report Connectivity Checks                                       ; On                 ; On                 ;
; Ignore Maximum Fan-Out Assignments                               ; Off                ; Off                ;
; Synchronization Register Chain Length                            ; 2                  ; 2                  ;
; Power Optimization During Synthesis                              ; Normal compilation ; Normal compilation ;
; HDL message level                                                ; Level2             ; Level2             ;
; Suppress Register Optimization Related Messages                  ; Off                ; Off                ;
; Number of Removed Registers Reported in Synthesis Report         ; 5000               ; 5000               ;
; Number of Swept Nodes Reported in Synthesis Report               ; 5000               ; 5000               ;
; Number of Inverted Registers Reported in Synthesis Report        ; 100                ; 100                ;
; Clock MUX Protection                                             ; On                 ; On                 ;
; Auto Gated Clock Conversion                                      ; Off                ; Off                ;
; Block Design Naming                                              ; Auto               ; Auto               ;
; SDC constraint protection                                        ; Off                ; Off                ;
; Synthesis Effort                                                 ; Auto               ; Auto               ;
; Shift Register Replacement - Allow Asynchronous Clear Signal     ; On                 ; On                 ;
; Pre-Mapping Resynthesis Optimization                             ; Off                ; Off                ;
; Analysis & Synthesis Message Level                               ; Medium             ; Medium             ;
; Disable Register Merging Across Hierarchies                      ; Auto               ; Auto               ;
; Resource Aware Inference For Block RAM                           ; On                 ; On                 ;
+------------------------------------------------------------------+--------------------+--------------------+


+------------------------------------------+
; Parallel Compilation                     ;
+----------------------------+-------------+
; Processors                 ; Number      ;
+----------------------------+-------------+
; Number detected on machine ; 16          ;
; Maximum allowed            ; 16          ;
;                            ;             ;
; Average used               ; 1.00        ;
; Maximum used               ; 1           ;
;                            ;             ;
; Usage by Processor         ; % Time Used ;
;     Processor 1            ; 100.0%      ;
+----------------------------+-------------+


+-------------------------------+
; Analysis & Synthesis Messages ;
+-------------------------------+
Info: *******************************************************************
Info: Running Quartus Prime Analysis & Synthesis
    Info: Version 22.1std.0 Build 915 10/25/2022 SC Lite Edition
    Info: Processing started: Wed Feb  8 18:43:30 2023
Info: Command: quartus_map --read_settings_files=on --write_settings_files=off ext_top -c ext_top
Warning (18236): Number of processors has not been specified which may cause overloading on shared machines.  Set the global assignment NUM_PARALLEL_PROCESSORS in your QSF to an appropriate value for best performance.
Info (20030): Parallel compilation is enabled and will use 16 of the 16 processors detected
Error (10170): Verilog HDL syntax error at ext_top.sv(19) near text: "reg";  expecting "(". Check for and fix any syntax errors that appear immediately before or at the specified keyword. The Intel FPGA Knowledge Database contains many articles with specific details on how to resolve this error. Visit the Knowledge Database at https://www.altera.com/support/support-resources/knowledge-base/search.html and search for this specific error message number. File: /home/prithvi/Documents/Academics/Semester-II/CSE-6351/Labs/Lab2/Lab2_files/ext_top.sv Line: 19
Warning (10090): Verilog HDL syntax warning at ext_top.sv(29): extra block comment delimiter characters /* within block comment File: /home/prithvi/Documents/Academics/Semester-II/CSE-6351/Labs/Lab2/Lab2_files/ext_top.sv Line: 29
Warning (10229): Verilog HDL Expression warning at ext_top.sv(49): truncated literal to match 2 bits File: /home/prithvi/Documents/Academics/Semester-II/CSE-6351/Labs/Lab2/Lab2_files/ext_top.sv Line: 49
Warning (10229): Verilog HDL Expression warning at ext_top.sv(54): truncated literal to match 2 bits File: /home/prithvi/Documents/Academics/Semester-II/CSE-6351/Labs/Lab2/Lab2_files/ext_top.sv Line: 54
Warning (10229): Verilog HDL Expression warning at ext_top.sv(75): truncated literal to match 2 bits File: /home/prithvi/Documents/Academics/Semester-II/CSE-6351/Labs/Lab2/Lab2_files/ext_top.sv Line: 75
Warning (10229): Verilog HDL Expression warning at ext_top.sv(79): truncated literal to match 2 bits File: /home/prithvi/Documents/Academics/Semester-II/CSE-6351/Labs/Lab2/Lab2_files/ext_top.sv Line: 79
Warning (10229): Verilog HDL Expression warning at ext_top.sv(82): truncated literal to match 2 bits File: /home/prithvi/Documents/Academics/Semester-II/CSE-6351/Labs/Lab2/Lab2_files/ext_top.sv Line: 82
Warning (10229): Verilog HDL Expression warning at ext_top.sv(86): truncated literal to match 2 bits File: /home/prithvi/Documents/Academics/Semester-II/CSE-6351/Labs/Lab2/Lab2_files/ext_top.sv Line: 86
Warning (10229): Verilog HDL Expression warning at ext_top.sv(90): truncated literal to match 2 bits File: /home/prithvi/Documents/Academics/Semester-II/CSE-6351/Labs/Lab2/Lab2_files/ext_top.sv Line: 90
Warning (10229): Verilog HDL Expression warning at ext_top.sv(97): truncated literal to match 2 bits File: /home/prithvi/Documents/Academics/Semester-II/CSE-6351/Labs/Lab2/Lab2_files/ext_top.sv Line: 97
Error (10170): Verilog HDL syntax error at ext_top.sv(105) near text: ":";  expecting ";". Check for and fix any syntax errors that appear immediately before or at the specified keyword. The Intel FPGA Knowledge Database contains many articles with specific details on how to resolve this error. Visit the Knowledge Database at https://www.altera.com/support/support-resources/knowledge-base/search.html and search for this specific error message number. File: /home/prithvi/Documents/Academics/Semester-II/CSE-6351/Labs/Lab2/Lab2_files/ext_top.sv Line: 105
Warning (10229): Verilog HDL Expression warning at ext_top.sv(107): truncated literal to match 2 bits File: /home/prithvi/Documents/Academics/Semester-II/CSE-6351/Labs/Lab2/Lab2_files/ext_top.sv Line: 107
Error (10170): Verilog HDL syntax error at ext_top.sv(107) near text: ":";  expecting ";". Check for and fix any syntax errors that appear immediately before or at the specified keyword. The Intel FPGA Knowledge Database contains many articles with specific details on how to resolve this error. Visit the Knowledge Database at https://www.altera.com/support/support-resources/knowledge-base/search.html and search for this specific error message number. File: /home/prithvi/Documents/Academics/Semester-II/CSE-6351/Labs/Lab2/Lab2_files/ext_top.sv Line: 107
Error (10170): Verilog HDL syntax error at ext_top.sv(109) near text: "endcase";  expecting an operand. Check for and fix any syntax errors that appear immediately before or at the specified keyword. The Intel FPGA Knowledge Database contains many articles with specific details on how to resolve this error. Visit the Knowledge Database at https://www.altera.com/support/support-resources/knowledge-base/search.html and search for this specific error message number. File: /home/prithvi/Documents/Academics/Semester-II/CSE-6351/Labs/Lab2/Lab2_files/ext_top.sv Line: 109
Warning (10229): Verilog HDL Expression warning at ext_top.sv(112): truncated literal to match 2 bits File: /home/prithvi/Documents/Academics/Semester-II/CSE-6351/Labs/Lab2/Lab2_files/ext_top.sv Line: 112
Error (10112): Ignored design unit "ext_top" at ext_top.sv(1) due to previous errors File: /home/prithvi/Documents/Academics/Semester-II/CSE-6351/Labs/Lab2/Lab2_files/ext_top.sv Line: 1
Error (10112): Ignored design unit "seq_logic" at ext_top.sv(149) due to previous errors File: /home/prithvi/Documents/Academics/Semester-II/CSE-6351/Labs/Lab2/Lab2_files/ext_top.sv Line: 149
Error (10112): Ignored design unit "divide_by_50000000" at ext_top.sv(202) due to previous errors File: /home/prithvi/Documents/Academics/Semester-II/CSE-6351/Labs/Lab2/Lab2_files/ext_top.sv Line: 202
Info (12021): Found 0 design units, including 0 entities, in source file ext_top.sv
Error: Quartus Prime Analysis & Synthesis was unsuccessful. 7 errors, 12 warnings
    Error: Peak virtual memory: 349 megabytes
    Error: Processing ended: Wed Feb  8 18:43:36 2023
    Error: Elapsed time: 00:00:06
    Error: Total CPU time (on all processors): 00:00:25


